<?xml version="1.0" encoding="UTF-8"?>
<!-- Generated by org.testng.reporters.JUnitReportReporter -->
<testsuite skipped="0" hostname="DESKTOP-RKQECJ9" name="org.testleaf.leaftaps.testcases.TC001_LoginLogout" tests="2" failures="0" timestamp="08 Sep 2019 10:06:36 GMT" time="37.523" errors="0">
  <testcase name="runTC001" time="8.648" classname="org.testleaf.leaftaps.testcases.TC001_LoginLogout"/>
  <testcase name="runTC001" time="28.875" classname="org.testleaf.leaftaps.testcases.TC001_LoginLogout"/>
</testsuite> <!-- org.testleaf.leaftaps.testcases.TC001_LoginLogout -->
